<?xml version="1.0" encoding="UTF-8"?>
<!-- Generated by org.testng.reporters.JUnitXMLReporter -->
<testsuite ignored="13" hostname="INHiKumar01" failures="0" tests="1" name="Default test" time="1.41" errors="0" timestamp="2021-09-21T09:24:52 IST">
  <testcase classname="HTTPCLient.HTTPCLient.NewTest" name="getPublicDownloadLink" time="1.369"/>
  <testcase classname="HTTPCLient.HTTPCLient.NewTest" name="getEmployee" time="0.0">
    <ignored/>
  </testcase> <!-- getEmployee -->
  <testcase classname="HTTPCLient.HTTPCLient.NewTest" name="test" time="0.0">
    <ignored/>
  </testcase> <!-- test -->
  <testcase classname="HTTPCLient.HTTPCLient.NewTest" name="zownloadAsZip" time="0.0">
    <ignored/>
  </testcase> <!-- zownloadAsZip -->
  <testcase classname="HTTPCLient.HTTPCLient.NewTest" name="addEmployee" time="0.0">
    <ignored/>
  </testcase> <!-- addEmployee -->
  <testcase classname="HTTPCLient.HTTPCLient.NewTest" name="updateLdapSource" time="0.0">
    <ignored/>
  </testcase> <!-- updateLdapSource -->
  <testcase classname="HTTPCLient.HTTPCLient.NewTest" name="generateQueryParam" time="0.0">
    <ignored/>
  </testcase> <!-- generateQueryParam -->
  <testcase classname="HTTPCLient.HTTPCLient.NewTest" name="listLDAPsources" time="0.0">
    <ignored/>
  </testcase> <!-- listLDAPsources -->
  <testcase classname="HTTPCLient.HTTPCLient.NewTest" name="httpClientTest" time="0.0">
    <ignored/>
  </testcase> <!-- httpClientTest -->
  <testcase classname="HTTPCLient.HTTPCLient.NewTest" name="createLdapUSER" time="0.0">
    <ignored/>
  </testcase> <!-- createLdapUSER -->
  <testcase classname="HTTPCLient.HTTPCLient.NewTest" name="postcallExample" time="0.0">
    <ignored/>
  </testcase> <!-- postcallExample -->
  <testcase classname="HTTPCLient.HTTPCLient.NewTest" name="filrLogin" time="0.0">
    <ignored/>
  </testcase> <!-- filrLogin -->
  <testcase classname="HTTPCLient.HTTPCLient.NewTest" name="testFilrBasicAuth" time="0.0">
    <ignored/>
  </testcase> <!-- testFilrBasicAuth -->
  <testcase classname="HTTPCLient.HTTPCLient.NewTest" name="exchnageTemplate" time="0.0">
    <ignored/>
  </testcase> <!-- exchnageTemplate -->
</testsuite> <!-- Default test -->
