<?xml version="1.0" encoding="UTF-8"?>
<testng-results ignored="13" total="14" passed="1" failed="0" skipped="0">
  <reporter-output>
  </reporter-output>
  <suite started-at="2021-09-21T09:24:51 IST" name="Default suite" finished-at="2021-09-21T09:24:52 IST" duration-ms="1410">
    <groups>
    </groups>
    <test started-at="2021-09-21T09:24:51 IST" name="Default test" finished-at="2021-09-21T09:24:52 IST" duration-ms="1410">
      <class name="HTTPCLient.HTTPCLient.NewTest">
        <test-method signature="getPublicDownloadLink()[pri:0, instance:HTTPCLient.HTTPCLient.NewTest@7fee8714]" started-at="2021-09-21T09:24:51 IST" name="getPublicDownloadLink" finished-at="2021-09-21T09:24:52 IST" duration-ms="1369" status="PASS">
          <reporter-output>
          </reporter-output>
        </test-method> <!-- getPublicDownloadLink -->
      </class> <!-- HTTPCLient.HTTPCLient.NewTest -->
    </test> <!-- Default test -->
  </suite> <!-- Default suite -->
</testng-results>
